Using gpu device 0: GeForce GTX 580 (CNMeM is disabled, CuDNN not available)
0.9367
0.9642
0.9733
0.9759
0.9762
0.9767
0.9785
0.9792
0.9803
0.9815
0.9838
0.9831
0.9829
0.9838
0.9825
0.9822
0.9833
0.9836
0.9834
0.9839
0.9846
0.9848
0.9835
0.9834
0.9841
0.9851
0.9854
0.9847
0.9848
0.9842
0.9853
0.9845
0.9842
0.9855
0.9846
0.9859
0.9845
0.985
0.985
0.9849
0.9855
0.9858
0.9858
0.9857
0.9858
0.9852
0.9859
0.9856
0.9858
0.9859
0.986
0.9867
0.9862
0.986
0.9862
0.9866
0.9859
0.986
0.9861
0.9857
0.9853
0.9872
0.9871
0.9875
0.9872
0.9859
0.9873
0.9876
0.9867
0.9868
0.9876
0.9871
0.987
0.9865
0.9873
0.987
0.9866
0.9863
0.9867
0.9863
0.9864
0.9864
0.987
0.9867
0.9876
0.9869
0.9864
0.9881
0.9874
0.9872
0.9871
0.9871
0.9862
0.9869
0.9861
0.9877
0.9879
0.9872
0.9875
0.9874

real	12m22.859s
user	23m30.126s
sys	0m45.546s
