0.9427
0.9629
0.9719
0.977
0.9782
0.9772
0.9819
0.9813
0.9824
0.982
0.9822
0.982
0.9835
0.9833
0.9827
0.9841
0.9846
0.9847
0.9845
0.9855
0.9856
0.9855
0.9855
0.9856
0.9856
0.9856
0.9856
0.9855
0.9855
0.9856
0.9856
0.9856
0.9857
0.9856
0.9856
0.9856
0.9857
0.9858
0.9858
0.9858
0.9857
0.9857
0.9857
0.9857
0.9857
0.9856
0.9856
0.9856
0.9856
0.9855
0.9854
0.9854
0.9854
0.9854
0.9854
0.9854
0.9854
0.9854
0.9854
0.9854
0.9854
0.9853
0.9853
0.9853
0.9853
0.9853
0.9853
0.9853
0.9852
0.9852
0.9852
0.9852
0.9852
0.9852
0.9852
0.9852
0.9852
0.9852
0.9852
0.9852
0.9852
0.9852
0.9852
0.9852
0.9852
0.9852
0.9852
0.9852
0.9852
0.9852
0.9852
0.9852
0.9851
0.9851
0.9851
0.9851
0.9851
0.9851
0.9851
0.9851

real    13m0.430s
user    24m50.097s
sys     0m20.481s
