0.9416
0.9636
0.9707
0.975
0.9771
0.9784
0.9757
0.9808
0.9815
0.9788
0.982
0.9808
0.9775
0.982
0.9809
0.982
0.9816
0.984
0.9836
0.9847
0.9848
0.9849
0.9849
0.9847
0.9847
0.9848
0.9848
0.9849
0.9848
0.9847
0.9847
0.9847
0.9847
0.9848
0.9848
0.9848
0.9847
0.9846
0.9846
0.9846
0.9845
0.9845
0.9845
0.9845
0.9845
0.9845
0.9845
0.9845
0.9845
0.9846
0.9846
0.9846
0.9846
0.9846
0.9845
0.9845
0.9845
0.9845
0.9845
0.9845
0.9845
0.9845
0.9845
0.9845
0.9846
0.9846
0.9846
0.9846
0.9846
0.9846
0.9846
0.9846
0.9845
0.9845
0.9845
0.9845
0.9845
0.9845
0.9845
0.9845
0.9845
0.9845
0.9845
0.9845
0.9845
0.9845
0.9845
0.9845
0.9845
0.9845
0.9845
0.9845
0.9845
0.9845
0.9845
0.9845
0.9845
0.9845
0.9845
0.9845

real    3m33.077s
user    2m19.972s
sys     1m9.975s
